# JRE version: Java(TM) SE Runtime Environment (8.0_221-b11) (build 1.8.0_221-b11)
# Java VM: Java HotSpot(TM) 64-Bit Server VM (25.221-b11 mixed mode windows-amd64 compressed oops)
Heap:
 PSYoungGen      total 681472K, used 205850K [0x00000000d5e00000, 0x0000000100000000, 0x0000000100000000)
  eden space 673280K, 30% used [0x00000000d5e00000,0x00000000e2706960,0x00000000fef80000)
  from space 8192K, 0% used [0x00000000fef80000,0x00000000fef80000,0x00000000ff780000)
  to   space 8704K, 0% used [0x00000000ff780000,0x00000000ff780000,0x0000000100000000)
 ParOldGen       total 163840K, used 77659K [0x0000000081a00000, 0x000000008ba00000, 0x00000000d5e00000)
  object space 163840K, 47% used [0x0000000081a00000,0x00000000865d6fc0,0x000000008ba00000)
 Metaspace       used 45233K, capacity 47246K, committed 47744K, reserved 1089536K
  class space    used 5783K, capacity 6705K, committed 6784K, reserved 1048576K
GC Heap History (10 events):
Event: 9.738 GC heap before
{Heap before GC invocations=56 (full 2):
 PSYoungGen      total 686592K, used 684256K [0x00000000d5e00000, 0x0000000100000000, 0x0000000100000000)
  eden space 684032K, 100% used [0x00000000d5e00000,0x00000000ffa00000,0x00000000ffa00000)
  from space 2560K, 8% used [0x00000000ffa00000,0x00000000ffa38000,0x00000000ffc80000)
  to   space 2560K, 0% used [0x00000000ffd80000,0x00000000ffd80000,0x0000000100000000)
 ParOldGen       total 85504K, used 40451K [0x0000000081a00000, 0x0000000086d80000, 0x00000000d5e00000)
  object space 85504K, 47% used [0x0000000081a00000,0x0000000084180fa0,0x0000000086d80000)
 Metaspace       used 39474K, capacity 41256K, committed 41600K, reserved 1085440K
  class space    used 5120K, capacity 5988K, committed 6016K, reserved 1048576K
Event: 9.755 GC heap after
Heap after GC invocations=56 (full 2):
 PSYoungGen      total 676352K, used 2551K [0x00000000d5e00000, 0x0000000100000000, 0x0000000100000000)
  eden space 673792K, 0% used [0x00000000d5e00000,0x00000000d5e00000,0x00000000ff000000)
  from space 2560K, 99% used [0x00000000ffd80000,0x00000000ffffdcd0,0x0000000100000000)
  to   space 8192K, 0% used [0x00000000ff000000,0x00000000ff000000,0x00000000ff800000)
 ParOldGen       total 85504K, used 54169K [0x0000000081a00000, 0x0000000086d80000, 0x00000000d5e00000)
  object space 85504K, 63% used [0x0000000081a00000,0x0000000084ee6410,0x0000000086d80000)
 Metaspace       used 39474K, capacity 41256K, committed 41600K, reserved 1085440K
  class space    used 5120K, capacity 5988K, committed 6016K, reserved 1048576K
}
Event: 11.272 GC heap before
{Heap before GC invocations=57 (full 2):
 PSYoungGen      total 676352K, used 676343K [0x00000000d5e00000, 0x0000000100000000, 0x0000000100000000)
  eden space 673792K, 100% used [0x00000000d5e00000,0x00000000ff000000,0x00000000ff000000)
  from space 2560K, 99% used [0x00000000ffd80000,0x00000000ffffdcd0,0x0000000100000000)
  to   space 8192K, 0% used [0x00000000ff000000,0x00000000ff000000,0x00000000ff800000)
 ParOldGen       total 85504K, used 54169K [0x0000000081a00000, 0x0000000086d80000, 0x00000000d5e00000)
  object space 85504K, 63% used [0x0000000081a00000,0x0000000084ee6410,0x0000000086d80000)
 Metaspace       used 41582K, capacity 43554K, committed 44032K, reserved 1087488K
  class space    used 5392K, capacity 6279K, committed 6400K, reserved 1048576K
Event: 11.277 GC heap after
Heap after GC invocations=57 (full 2):
 PSYoungGen      total 679424K, used 5260K [0x00000000d5e00000, 0x0000000100000000, 0x0000000100000000)
  eden space 673792K, 0% used [0x00000000d5e00000,0x00000000d5e00000,0x00000000ff000000)
  from space 5632K, 93% used [0x00000000ff000000,0x00000000ff5233e0,0x00000000ff580000)
  to   space 8704K, 0% used [0x00000000ff780000,0x00000000ff780000,0x0000000100000000)
 ParOldGen       total 85504K, used 56634K [0x0000000081a00000, 0x0000000086d80000, 0x00000000d5e00000)
  object space 85504K, 66% used [0x0000000081a00000,0x000000008514eb60,0x0000000086d80000)
 Metaspace       used 41582K, capacity 43554K, committed 44032K, reserved 1087488K
  class space    used 5392K, capacity 6279K, committed 6400K, reserved 1048576K
}
Event: 12.289 GC heap before
{Heap before GC invocations=58 (full 2):
 PSYoungGen      total 679424K, used 679052K [0x00000000d5e00000, 0x0000000100000000, 0x0000000100000000)
  eden space 673792K, 100% used [0x00000000d5e00000,0x00000000ff000000,0x00000000ff000000)
  from space 5632K, 93% used [0x00000000ff000000,0x00000000ff5233e0,0x00000000ff580000)
  to   space 8704K, 0% used [0x00000000ff780000,0x00000000ff780000,0x0000000100000000)
 ParOldGen       total 85504K, used 56634K [0x0000000081a00000, 0x0000000086d80000, 0x00000000d5e00000)
  object space 85504K, 66% used [0x0000000081a00000,0x000000008514eb60,0x0000000086d80000)
 Metaspace       used 42467K, capacity 44438K, committed 44928K, reserved 1087488K
  class space    used 5534K, capacity 6441K, committed 6528K, reserved 1048576K
Event: 12.297 GC heap after
Heap after GC invocations=58 (full 2):
 PSYoungGen      total 681984K, used 3205K [0x00000000d5e00000, 0x0000000100000000, 0x0000000100000000)
  eden space 673280K, 0% used [0x00000000d5e00000,0x00000000d5e00000,0x00000000fef80000)
  from space 8704K, 36% used [0x00000000ff780000,0x00000000ffaa1680,0x0000000100000000)
  to   space 8192K, 0% used [0x00000000fef80000,0x00000000fef80000,0x00000000ff780000)
 ParOldGen       total 85504K, used 59156K [0x0000000081a00000, 0x0000000086d80000, 0x00000000d5e00000)
  object space 85504K, 69% used [0x0000000081a00000,0x00000000853c53d0,0x0000000086d80000)
 Metaspace       used 42467K, capacity 44438K, committed 44928K, reserved 1087488K
  class space    used 5534K, capacity 6441K, committed 6528K, reserved 1048576K
}
Event: 14.030 GC heap before
{Heap before GC invocations=59 (full 2):
 PSYoungGen      total 681984K, used 676485K [0x00000000d5e00000, 0x0000000100000000, 0x0000000100000000)
  eden space 673280K, 100% used [0x00000000d5e00000,0x00000000fef80000,0x00000000fef80000)
  from space 8704K, 36% used [0x00000000ff780000,0x00000000ffaa1680,0x0000000100000000)
  to   space 8192K, 0% used [0x00000000fef80000,0x00000000fef80000,0x00000000ff780000)
 ParOldGen       total 85504K, used 59156K [0x0000000081a00000, 0x0000000086d80000, 0x00000000d5e00000)
  object space 85504K, 69% used [0x0000000081a00000,0x00000000853c53d0,0x0000000086d80000)
 Metaspace       used 44439K, capacity 46510K, committed 46848K, reserved 1089536K
  class space    used 5705K, capacity 6609K, committed 6656K, reserved 1048576K
Event: 14.046 GC heap after
Heap after GC invocations=59 (full 2):
 PSYoungGen      total 681472K, used 8176K [0x00000000d5e00000, 0x0000000100000000, 0x0000000100000000)
  eden space 673280K, 0% used [0x00000000d5e00000,0x00000000d5e00000,0x00000000fef80000)
  from space 8192K, 99% used [0x00000000fef80000,0x00000000ff77c020,0x00000000ff780000)
  to   space 8704K, 0% used [0x00000000ff780000,0x00000000ff780000,0x0000000100000000)
 ParOldGen       total 85504K, used 81575K [0x0000000081a00000, 0x0000000086d80000, 0x00000000d5e00000)
  object space 85504K, 95% used [0x0000000081a00000,0x00000000869a9f78,0x0000000086d80000)
 Metaspace       used 44439K, capacity 46510K, committed 46848K, reserved 1089536K
  class space    used 5705K, capacity 6609K, committed 6656K, reserved 1048576K
}
Event: 14.046 GC heap before
{Heap before GC invocations=60 (full 3):
 PSYoungGen      total 681472K, used 8176K [0x00000000d5e00000, 0x0000000100000000, 0x0000000100000000)
  eden space 673280K, 0% used [0x00000000d5e00000,0x00000000d5e00000,0x00000000fef80000)
  from space 8192K, 99% used [0x00000000fef80000,0x00000000ff77c020,0x00000000ff780000)
  to   space 8704K, 0% used [0x00000000ff780000,0x00000000ff780000,0x0000000100000000)
 ParOldGen       total 85504K, used 81575K [0x0000000081a00000, 0x0000000086d80000, 0x00000000d5e00000)
  object space 85504K, 95% used [0x0000000081a00000,0x00000000869a9f78,0x0000000086d80000)
 Metaspace       used 44439K, capacity 46510K, committed 46848K, reserved 1089536K
  class space    used 5705K, capacity 6609K, committed 6656K, reserved 1048576K
Event: 14.235 GC heap after
Heap after GC invocations=60 (full 3):
 PSYoungGen      total 681472K, used 0K [0x00000000d5e00000, 0x0000000100000000, 0x0000000100000000)
  eden space 673280K, 0% used [0x00000000d5e00000,0x00000000d5e00000,0x00000000fef80000)
  from space 8192K, 0% used [0x00000000fef80000,0x00000000fef80000,0x00000000ff780000)
  to   space 8704K, 0% used [0x00000000ff780000,0x00000000ff780000,0x0000000100000000)
 ParOldGen       total 163840K, used 77659K [0x0000000081a00000, 0x000000008ba00000, 0x00000000d5e00000)
  object space 163840K, 47% used [0x0000000081a00000,0x00000000865d6fc0,0x000000008ba00000)
 Metaspace       used 44439K, capacity 46510K, committed 46848K, reserved 1089536K
  class space    used 5705K, capacity 6609K, committed 6656K, reserved 1048576K
}

